2019-04-17 03:54:52,853 __main__  INFO TS_CHECK STARTED AGAIN
2019-04-17 03:54:52,856 lib.couchutils  INFO CouchDBConn: Got server instance successfully.
2019-04-17 03:54:53,341     root WARNING ERROR GETTING CURRENT COUCH.UG TIME.TIME IS UNKNOWN.
2019-04-17 03:54:53,342     root WARNING ERROR GETTING EITHER THE DOC TIMESTAMP OR SERVER TIME FROM COUCH.UG. CHECK COUCH.UG STATUS.
2019-04-17 03:54:53,415     root WARNING ERROR GETTING CURRENT COUCH.UG TIME.TIME IS UNKNOWN.
2019-04-17 03:54:53,416     root WARNING ERROR GETTING EITHER THE DOC TIMESTAMP OR SERVER TIME FROM COUCH.UG. CHECK COUCH.UG STATUS.
2019-04-17 03:54:53,496     root WARNING ERROR GETTING CURRENT COUCH.UG TIME.TIME IS UNKNOWN.
2019-04-17 03:54:53,497     root WARNING ERROR GETTING EITHER THE DOC TIMESTAMP OR SERVER TIME FROM COUCH.UG. CHECK COUCH.UG STATUS.
2019-04-17 03:54:53,582     root WARNING ERROR GETTING CURRENT COUCH.UG TIME.TIME IS UNKNOWN.
2019-04-17 03:54:53,583     root WARNING ERROR GETTING EITHER THE DOC TIMESTAMP OR SERVER TIME FROM COUCH.UG. CHECK COUCH.UG STATUS.
2019-04-17 03:54:53,670     root WARNING ERROR GETTING CURRENT COUCH.UG TIME.TIME IS UNKNOWN.
2019-04-17 03:54:53,671     root WARNING ERROR GETTING EITHER THE DOC TIMESTAMP OR SERVER TIME FROM COUCH.UG. CHECK COUCH.UG STATUS.
2019-04-17 03:54:53,756     root WARNING ERROR GETTING CURRENT COUCH.UG TIME.TIME IS UNKNOWN.
2019-04-17 03:54:53,758     root WARNING ERROR GETTING EITHER THE DOC TIMESTAMP OR SERVER TIME FROM COUCH.UG. CHECK COUCH.UG STATUS.
2019-04-17 03:54:53,860     root WARNING ERROR GETTING CURRENT COUCH.UG TIME.TIME IS UNKNOWN.
2019-04-17 03:54:53,862     root WARNING ERROR GETTING EITHER THE DOC TIMESTAMP OR SERVER TIME FROM COUCH.UG. CHECK COUCH.UG STATUS.
2019-04-17 03:54:53,965     root WARNING ERROR GETTING CURRENT COUCH.UG TIME.TIME IS UNKNOWN.
2019-04-17 03:54:53,966     root WARNING ERROR GETTING EITHER THE DOC TIMESTAMP OR SERVER TIME FROM COUCH.UG. CHECK COUCH.UG STATUS.
2019-04-17 03:54:54,072     root WARNING ERROR GETTING CURRENT COUCH.UG TIME.TIME IS UNKNOWN.
2019-04-17 03:54:54,073     root WARNING ERROR GETTING EITHER THE DOC TIMESTAMP OR SERVER TIME FROM COUCH.UG. CHECK COUCH.UG STATUS.
2019-04-17 03:54:54,186     root WARNING ERROR GETTING CURRENT COUCH.UG TIME.TIME IS UNKNOWN.
2019-04-17 03:54:54,187     root WARNING ERROR GETTING EITHER THE DOC TIMESTAMP OR SERVER TIME FROM COUCH.UG. CHECK COUCH.UG STATUS.
2019-04-17 03:54:54,340     root WARNING ERROR GETTING CURRENT COUCH.UG TIME.TIME IS UNKNOWN.
2019-04-17 03:54:54,341     root WARNING ERROR GETTING EITHER THE DOC TIMESTAMP OR SERVER TIME FROM COUCH.UG. CHECK COUCH.UG STATUS.
2019-04-17 03:54:54,401     root WARNING ERROR GETTING CURRENT COUCH.UG TIME.TIME IS UNKNOWN.
2019-04-17 03:54:54,402     root WARNING ERROR GETTING EITHER THE DOC TIMESTAMP OR SERVER TIME FROM COUCH.UG. CHECK COUCH.UG STATUS.
2019-04-17 03:54:54,461     root WARNING ERROR GETTING CURRENT COUCH.UG TIME.TIME IS UNKNOWN.
2019-04-17 03:54:54,462     root WARNING ERROR GETTING EITHER THE DOC TIMESTAMP OR SERVER TIME FROM COUCH.UG. CHECK COUCH.UG STATUS.
2019-04-17 03:54:54,530     root WARNING ERROR GETTING CURRENT COUCH.UG TIME.TIME IS UNKNOWN.
2019-04-17 03:54:54,531     root WARNING ERROR GETTING EITHER THE DOC TIMESTAMP OR SERVER TIME FROM COUCH.UG. CHECK COUCH.UG STATUS.
2019-04-17 03:54:54,591     root WARNING ERROR GETTING CURRENT COUCH.UG TIME.TIME IS UNKNOWN.
2019-04-17 03:54:54,592     root WARNING ERROR GETTING EITHER THE DOC TIMESTAMP OR SERVER TIME FROM COUCH.UG. CHECK COUCH.UG STATUS.
2019-04-17 03:54:54,662     root WARNING ERROR GETTING CURRENT COUCH.UG TIME.TIME IS UNKNOWN.
2019-04-17 03:54:54,663     root WARNING ERROR GETTING EITHER THE DOC TIMESTAMP OR SERVER TIME FROM COUCH.UG. CHECK COUCH.UG STATUS.
2019-04-17 03:54:54,732     root WARNING ERROR GETTING CURRENT COUCH.UG TIME.TIME IS UNKNOWN.
2019-04-17 03:54:54,734     root WARNING ERROR GETTING EITHER THE DOC TIMESTAMP OR SERVER TIME FROM COUCH.UG. CHECK COUCH.UG STATUS.
2019-04-17 03:54:54,793     root WARNING ERROR GETTING CURRENT COUCH.UG TIME.TIME IS UNKNOWN.
2019-04-17 03:54:54,794     root WARNING ERROR GETTING EITHER THE DOC TIMESTAMP OR SERVER TIME FROM COUCH.UG. CHECK COUCH.UG STATUS.
2019-04-17 03:54:54,795 __main__  INFO IOS 1has an uknown
2019-04-17 03:54:54,796 __main__  INFO timestamp.  Printing out stuff.
2019-04-17 03:54:54,798 __main__  INFO Doc_ages of IOS1: unknown
2019-04-17 03:54:54,800 __main__  INFO Doc_ages_last of IOS1: unknown
2019-04-17 03:54:54,801 __main__  INFO IOS 2has an uknown
2019-04-17 03:54:54,803 __main__  INFO timestamp.  Printing out stuff.
2019-04-17 03:54:54,805 __main__  INFO Doc_ages of IOS2: unknown
2019-04-17 03:54:54,806 __main__  INFO Doc_ages_last of IOS2: unknown
2019-04-17 03:54:54,808 __main__  INFO IOS 3has an uknown
2019-04-17 03:54:54,809 __main__  INFO timestamp.  Printing out stuff.
2019-04-17 03:54:54,821 __main__  INFO Doc_ages of IOS3: unknown
2019-04-17 03:54:54,823 __main__  INFO Doc_ages_last of IOS3: unknown
2019-04-17 03:54:54,824 __main__  INFO IOS 4has an uknown
2019-04-17 03:54:54,826 __main__  INFO timestamp.  Printing out stuff.
2019-04-17 03:54:54,827 __main__  INFO Doc_ages of IOS4: unknown
2019-04-17 03:54:54,834 __main__  INFO Doc_ages_last of IOS4: unknown
2019-04-17 03:54:59,928     root WARNING ERROR GETTING CURRENT COUCH.UG TIME.TIME IS UNKNOWN.
2019-04-17 03:54:59,929     root WARNING ERROR GETTING EITHER THE DOC TIMESTAMP OR SERVER TIME FROM COUCH.UG. CHECK COUCH.UG STATUS.
2019-04-17 03:55:00,046     root WARNING ERROR GETTING CURRENT COUCH.UG TIME.TIME IS UNKNOWN.
2019-04-17 03:55:00,047     root WARNING ERROR GETTING EITHER THE DOC TIMESTAMP OR SERVER TIME FROM COUCH.UG. CHECK COUCH.UG STATUS.
2019-04-17 03:55:00,145     root WARNING ERROR GETTING CURRENT COUCH.UG TIME.TIME IS UNKNOWN.
2019-04-17 03:55:00,146     root WARNING ERROR GETTING EITHER THE DOC TIMESTAMP OR SERVER TIME FROM COUCH.UG. CHECK COUCH.UG STATUS.
2019-04-17 03:55:00,254     root WARNING ERROR GETTING CURRENT COUCH.UG TIME.TIME IS UNKNOWN.
2019-04-17 03:55:00,255     root WARNING ERROR GETTING EITHER THE DOC TIMESTAMP OR SERVER TIME FROM COUCH.UG. CHECK COUCH.UG STATUS.
2019-04-17 03:55:00,322     root WARNING ERROR GETTING CURRENT COUCH.UG TIME.TIME IS UNKNOWN.
2019-04-17 03:55:00,323     root WARNING ERROR GETTING EITHER THE DOC TIMESTAMP OR SERVER TIME FROM COUCH.UG. CHECK COUCH.UG STATUS.
2019-04-17 03:55:00,385     root WARNING ERROR GETTING CURRENT COUCH.UG TIME.TIME IS UNKNOWN.
2019-04-17 03:55:00,387     root WARNING ERROR GETTING EITHER THE DOC TIMESTAMP OR SERVER TIME FROM COUCH.UG. CHECK COUCH.UG STATUS.
2019-04-17 03:55:00,445     root WARNING ERROR GETTING CURRENT COUCH.UG TIME.TIME IS UNKNOWN.
2019-04-17 03:55:00,446     root WARNING ERROR GETTING EITHER THE DOC TIMESTAMP OR SERVER TIME FROM COUCH.UG. CHECK COUCH.UG STATUS.
2019-04-17 03:55:00,509     root WARNING ERROR GETTING CURRENT COUCH.UG TIME.TIME IS UNKNOWN.
2019-04-17 03:55:00,510     root WARNING ERROR GETTING EITHER THE DOC TIMESTAMP OR SERVER TIME FROM COUCH.UG. CHECK COUCH.UG STATUS.
2019-04-17 03:55:00,572     root WARNING ERROR GETTING CURRENT COUCH.UG TIME.TIME IS UNKNOWN.
2019-04-17 03:55:00,573     root WARNING ERROR GETTING EITHER THE DOC TIMESTAMP OR SERVER TIME FROM COUCH.UG. CHECK COUCH.UG STATUS.
2019-04-17 03:55:00,634     root WARNING ERROR GETTING CURRENT COUCH.UG TIME.TIME IS UNKNOWN.
2019-04-17 03:55:00,635     root WARNING ERROR GETTING EITHER THE DOC TIMESTAMP OR SERVER TIME FROM COUCH.UG. CHECK COUCH.UG STATUS.
2019-04-17 03:55:00,696     root WARNING ERROR GETTING CURRENT COUCH.UG TIME.TIME IS UNKNOWN.
2019-04-17 03:55:00,697     root WARNING ERROR GETTING EITHER THE DOC TIMESTAMP OR SERVER TIME FROM COUCH.UG. CHECK COUCH.UG STATUS.
2019-04-17 03:55:00,770     root WARNING ERROR GETTING CURRENT COUCH.UG TIME.TIME IS UNKNOWN.
2019-04-17 03:55:00,771     root WARNING ERROR GETTING EITHER THE DOC TIMESTAMP OR SERVER TIME FROM COUCH.UG. CHECK COUCH.UG STATUS.
2019-04-17 03:55:00,772 __main__  INFO IOS 1has an uknown
2019-04-17 03:55:00,774 __main__  INFO timestamp.  Printing out stuff.
2019-04-17 03:55:00,776 __main__  INFO Doc_ages of IOS1: unknown
2019-04-17 03:55:00,777 __main__  INFO Doc_ages_last of IOS1: unknown
2019-04-17 03:55:00,779 __main__  INFO IOS 2has an uknown
2019-04-17 03:55:00,780 __main__  INFO timestamp.  Printing out stuff.
2019-04-17 03:55:00,782 __main__  INFO Doc_ages of IOS2: unknown
2019-04-17 03:55:00,783 __main__  INFO Doc_ages_last of IOS2: unknown
2019-04-17 03:55:00,785 __main__  INFO IOS 3has an uknown
2019-04-17 03:55:00,786 __main__  INFO timestamp.  Printing out stuff.
2019-04-17 03:55:00,788 __main__  INFO Doc_ages of IOS3: unknown
2019-04-17 03:55:00,789 __main__  INFO Doc_ages_last of IOS3: unknown
2019-04-17 03:55:00,791 __main__  INFO IOS 4has an uknown
2019-04-17 03:55:00,792 __main__  INFO timestamp.  Printing out stuff.
2019-04-17 03:55:00,794 __main__  INFO Doc_ages of IOS4: unknown
2019-04-17 03:55:00,795 __main__  INFO Doc_ages_last of IOS4: unknown
2019-04-17 03:55:05,968     root WARNING ERROR GETTING CURRENT COUCH.UG TIME.TIME IS UNKNOWN.
2019-04-17 03:55:05,969     root WARNING ERROR GETTING EITHER THE DOC TIMESTAMP OR SERVER TIME FROM COUCH.UG. CHECK COUCH.UG STATUS.
2019-04-17 04:43:26,744 __main__  INFO TS_CHECK STARTED AGAIN
2019-04-17 04:43:26,748 lib.couchutils  INFO CouchDBConn: Got server instance successfully.
2019-04-17 04:43:27,070     root WARNING ERROR GETTING CURRENT COUCH.UG TIME.TIME IS UNKNOWN.
2019-04-17 04:43:27,071     root WARNING ERROR GETTING EITHER THE DOC TIMESTAMP OR SERVER TIME FROM COUCH.UG. CHECK COUCH.UG STATUS.
2019-04-17 04:43:27,177     root WARNING ERROR GETTING CURRENT COUCH.UG TIME.TIME IS UNKNOWN.
2019-04-17 04:43:27,178     root WARNING ERROR GETTING EITHER THE DOC TIMESTAMP OR SERVER TIME FROM COUCH.UG. CHECK COUCH.UG STATUS.
2019-04-17 04:43:27,337     root WARNING ERROR GETTING CURRENT COUCH.UG TIME.TIME IS UNKNOWN.
2019-04-17 04:43:27,338     root WARNING ERROR GETTING EITHER THE DOC TIMESTAMP OR SERVER TIME FROM COUCH.UG. CHECK COUCH.UG STATUS.
2019-04-17 04:43:27,481     root WARNING ERROR GETTING CURRENT COUCH.UG TIME.TIME IS UNKNOWN.
2019-04-17 04:43:27,482     root WARNING ERROR GETTING EITHER THE DOC TIMESTAMP OR SERVER TIME FROM COUCH.UG. CHECK COUCH.UG STATUS.
2019-04-17 04:43:27,636     root WARNING ERROR GETTING CURRENT COUCH.UG TIME.TIME IS UNKNOWN.
2019-04-17 04:43:27,637     root WARNING ERROR GETTING EITHER THE DOC TIMESTAMP OR SERVER TIME FROM COUCH.UG. CHECK COUCH.UG STATUS.
2019-04-17 04:43:27,746     root WARNING ERROR GETTING CURRENT COUCH.UG TIME.TIME IS UNKNOWN.
2019-04-17 04:43:27,747     root WARNING ERROR GETTING EITHER THE DOC TIMESTAMP OR SERVER TIME FROM COUCH.UG. CHECK COUCH.UG STATUS.
2019-04-17 04:43:27,832     root WARNING ERROR GETTING CURRENT COUCH.UG TIME.TIME IS UNKNOWN.
2019-04-17 04:43:27,833     root WARNING ERROR GETTING EITHER THE DOC TIMESTAMP OR SERVER TIME FROM COUCH.UG. CHECK COUCH.UG STATUS.
2019-04-17 04:43:27,909     root WARNING ERROR GETTING CURRENT COUCH.UG TIME.TIME IS UNKNOWN.
2019-04-17 04:43:27,910     root WARNING ERROR GETTING EITHER THE DOC TIMESTAMP OR SERVER TIME FROM COUCH.UG. CHECK COUCH.UG STATUS.
2019-04-17 04:43:27,990     root WARNING ERROR GETTING CURRENT COUCH.UG TIME.TIME IS UNKNOWN.
2019-04-17 04:43:27,991     root WARNING ERROR GETTING EITHER THE DOC TIMESTAMP OR SERVER TIME FROM COUCH.UG. CHECK COUCH.UG STATUS.
2019-04-17 04:43:28,066     root WARNING ERROR GETTING CURRENT COUCH.UG TIME.TIME IS UNKNOWN.
2019-04-17 04:43:28,068     root WARNING ERROR GETTING EITHER THE DOC TIMESTAMP OR SERVER TIME FROM COUCH.UG. CHECK COUCH.UG STATUS.
2019-04-17 04:43:28,150     root WARNING ERROR GETTING CURRENT COUCH.UG TIME.TIME IS UNKNOWN.
2019-04-17 04:43:28,151     root WARNING ERROR GETTING EITHER THE DOC TIMESTAMP OR SERVER TIME FROM COUCH.UG. CHECK COUCH.UG STATUS.
2019-04-17 04:43:28,275     root WARNING ERROR GETTING CURRENT COUCH.UG TIME.TIME IS UNKNOWN.
2019-04-17 04:43:28,276     root WARNING ERROR GETTING EITHER THE DOC TIMESTAMP OR SERVER TIME FROM COUCH.UG. CHECK COUCH.UG STATUS.
2019-04-17 04:43:28,385     root WARNING ERROR GETTING CURRENT COUCH.UG TIME.TIME IS UNKNOWN.
2019-04-17 04:43:28,386     root WARNING ERROR GETTING EITHER THE DOC TIMESTAMP OR SERVER TIME FROM COUCH.UG. CHECK COUCH.UG STATUS.
2019-04-17 04:43:28,544     root WARNING ERROR GETTING CURRENT COUCH.UG TIME.TIME IS UNKNOWN.
2019-04-17 04:43:28,545     root WARNING ERROR GETTING EITHER THE DOC TIMESTAMP OR SERVER TIME FROM COUCH.UG. CHECK COUCH.UG STATUS.
2019-04-17 04:43:28,617     root WARNING ERROR GETTING CURRENT COUCH.UG TIME.TIME IS UNKNOWN.
2019-04-17 04:43:28,618     root WARNING ERROR GETTING EITHER THE DOC TIMESTAMP OR SERVER TIME FROM COUCH.UG. CHECK COUCH.UG STATUS.
2019-04-17 04:43:28,696     root WARNING ERROR GETTING CURRENT COUCH.UG TIME.TIME IS UNKNOWN.
2019-04-17 04:43:28,697     root WARNING ERROR GETTING EITHER THE DOC TIMESTAMP OR SERVER TIME FROM COUCH.UG. CHECK COUCH.UG STATUS.
2019-04-17 04:43:28,778     root WARNING ERROR GETTING CURRENT COUCH.UG TIME.TIME IS UNKNOWN.
2019-04-17 04:43:28,779     root WARNING ERROR GETTING EITHER THE DOC TIMESTAMP OR SERVER TIME FROM COUCH.UG. CHECK COUCH.UG STATUS.
2019-04-17 04:43:28,878     root WARNING ERROR GETTING CURRENT COUCH.UG TIME.TIME IS UNKNOWN.
2019-04-17 04:43:28,879     root WARNING ERROR GETTING EITHER THE DOC TIMESTAMP OR SERVER TIME FROM COUCH.UG. CHECK COUCH.UG STATUS.
2019-04-17 04:43:28,890 __main__  INFO IOS 1has an uknown
2019-04-17 04:43:28,900 __main__  INFO timestamp.  Printing out stuff.
2019-04-17 04:43:28,902 __main__  INFO Doc_ages of IOS1: unknown
2019-04-17 04:43:28,904 __main__  INFO Doc_ages_last of IOS1: unknown
2019-04-17 04:43:28,906 __main__  INFO IOS 2has an uknown
2019-04-17 04:43:28,907 __main__  INFO timestamp.  Printing out stuff.
2019-04-17 04:43:28,911 __main__  INFO Doc_ages of IOS2: unknown
2019-04-17 04:43:28,920 __main__  INFO Doc_ages_last of IOS2: unknown
2019-04-17 04:43:28,922 __main__  INFO IOS 3has an uknown
2019-04-17 04:43:28,923 __main__  INFO timestamp.  Printing out stuff.
2019-04-17 04:43:28,925 __main__  INFO Doc_ages of IOS3: unknown
2019-04-17 04:43:28,926 __main__  INFO Doc_ages_last of IOS3: unknown
2019-04-17 04:43:28,928 __main__  INFO IOS 4has an uknown
2019-04-17 04:43:28,934 __main__  INFO timestamp.  Printing out stuff.
2019-04-17 04:43:28,936 __main__  INFO Doc_ages of IOS4: unknown
2019-04-17 04:43:28,937 __main__  INFO Doc_ages_last of IOS4: unknown
2019-04-17 04:43:34,012     root WARNING ERROR GETTING CURRENT COUCH.UG TIME.TIME IS UNKNOWN.
2019-04-17 04:43:34,013     root WARNING ERROR GETTING EITHER THE DOC TIMESTAMP OR SERVER TIME FROM COUCH.UG. CHECK COUCH.UG STATUS.
2019-04-17 04:43:34,103     root WARNING ERROR GETTING CURRENT COUCH.UG TIME.TIME IS UNKNOWN.
2019-04-17 04:43:34,104     root WARNING ERROR GETTING EITHER THE DOC TIMESTAMP OR SERVER TIME FROM COUCH.UG. CHECK COUCH.UG STATUS.
2019-04-17 04:43:34,185     root WARNING ERROR GETTING CURRENT COUCH.UG TIME.TIME IS UNKNOWN.
2019-04-17 04:43:34,187     root WARNING ERROR GETTING EITHER THE DOC TIMESTAMP OR SERVER TIME FROM COUCH.UG. CHECK COUCH.UG STATUS.
2019-04-17 04:43:34,293     root WARNING ERROR GETTING CURRENT COUCH.UG TIME.TIME IS UNKNOWN.
2019-04-17 04:43:34,294     root WARNING ERROR GETTING EITHER THE DOC TIMESTAMP OR SERVER TIME FROM COUCH.UG. CHECK COUCH.UG STATUS.
2019-04-17 04:43:34,397     root WARNING ERROR GETTING CURRENT COUCH.UG TIME.TIME IS UNKNOWN.
2019-04-17 04:43:34,398     root WARNING ERROR GETTING EITHER THE DOC TIMESTAMP OR SERVER TIME FROM COUCH.UG. CHECK COUCH.UG STATUS.
2019-04-17 04:43:34,502     root WARNING ERROR GETTING CURRENT COUCH.UG TIME.TIME IS UNKNOWN.
2019-04-17 04:43:34,503     root WARNING ERROR GETTING EITHER THE DOC TIMESTAMP OR SERVER TIME FROM COUCH.UG. CHECK COUCH.UG STATUS.
2019-04-17 04:43:34,620     root WARNING ERROR GETTING CURRENT COUCH.UG TIME.TIME IS UNKNOWN.
2019-04-17 04:43:34,621     root WARNING ERROR GETTING EITHER THE DOC TIMESTAMP OR SERVER TIME FROM COUCH.UG. CHECK COUCH.UG STATUS.
2019-04-17 04:43:34,680     root WARNING ERROR GETTING CURRENT COUCH.UG TIME.TIME IS UNKNOWN.
2019-04-17 04:43:34,681     root WARNING ERROR GETTING EITHER THE DOC TIMESTAMP OR SERVER TIME FROM COUCH.UG. CHECK COUCH.UG STATUS.
2019-04-17 04:43:34,797     root WARNING ERROR GETTING CURRENT COUCH.UG TIME.TIME IS UNKNOWN.
2019-04-17 04:43:34,798     root WARNING ERROR GETTING EITHER THE DOC TIMESTAMP OR SERVER TIME FROM COUCH.UG. CHECK COUCH.UG STATUS.
2019-04-17 04:43:34,921     root WARNING ERROR GETTING CURRENT COUCH.UG TIME.TIME IS UNKNOWN.
2019-04-17 04:43:34,922     root WARNING ERROR GETTING EITHER THE DOC TIMESTAMP OR SERVER TIME FROM COUCH.UG. CHECK COUCH.UG STATUS.
2019-04-17 04:43:35,064     root WARNING ERROR GETTING CURRENT COUCH.UG TIME.TIME IS UNKNOWN.
2019-04-17 04:43:35,065     root WARNING ERROR GETTING EITHER THE DOC TIMESTAMP OR SERVER TIME FROM COUCH.UG. CHECK COUCH.UG STATUS.
2019-04-17 04:43:35,213     root WARNING ERROR GETTING CURRENT COUCH.UG TIME.TIME IS UNKNOWN.
2019-04-17 04:43:35,215     root WARNING ERROR GETTING EITHER THE DOC TIMESTAMP OR SERVER TIME FROM COUCH.UG. CHECK COUCH.UG STATUS.
2019-04-17 04:43:35,216 __main__  INFO IOS 1has an uknown
2019-04-17 04:43:35,240 __main__  INFO timestamp.  Printing out stuff.
2019-04-17 04:43:35,242 __main__  INFO Doc_ages of IOS1: unknown
2019-04-17 04:43:35,244 __main__  INFO Doc_ages_last of IOS1: unknown
2019-04-17 04:43:35,245 __main__  INFO IOS 2has an uknown
2019-04-17 04:43:35,247 __main__  INFO timestamp.  Printing out stuff.
2019-04-17 04:43:35,248 __main__  INFO Doc_ages of IOS2: unknown
2019-04-17 04:43:35,260 __main__  INFO Doc_ages_last of IOS2: unknown
2019-04-17 04:43:35,270 __main__  INFO IOS 3has an uknown
2019-04-17 04:43:35,272 __main__  INFO timestamp.  Printing out stuff.
2019-04-17 04:43:35,273 __main__  INFO Doc_ages of IOS3: unknown
2019-04-17 04:43:35,275 __main__  INFO Doc_ages_last of IOS3: unknown
2019-04-17 04:43:35,276 __main__  INFO IOS 4has an uknown
2019-04-17 04:43:35,278 __main__  INFO timestamp.  Printing out stuff.
2019-04-17 04:43:35,300 __main__  INFO Doc_ages of IOS4: unknown
2019-04-17 04:43:35,302 __main__  INFO Doc_ages_last of IOS4: unknown
2019-04-17 04:46:41,087 __main__  INFO TS_CHECK STARTED AGAIN
2019-04-17 04:46:41,091 lib.couchutils  INFO CouchDBConn: Got server instance successfully.
2019-04-17 04:46:41,486     root WARNING ERROR GETTING CURRENT COUCH.UG TIME.TIME IS UNKNOWN.
2019-04-17 04:46:41,487     root WARNING ERROR GETTING EITHER THE DOC TIMESTAMP OR SERVER TIME FROM COUCH.UG. CHECK COUCH.UG STATUS.
2019-04-17 04:46:41,624     root WARNING ERROR GETTING CURRENT COUCH.UG TIME.TIME IS UNKNOWN.
2019-04-17 04:46:41,626     root WARNING ERROR GETTING EITHER THE DOC TIMESTAMP OR SERVER TIME FROM COUCH.UG. CHECK COUCH.UG STATUS.
2019-04-17 04:46:41,787     root WARNING ERROR GETTING CURRENT COUCH.UG TIME.TIME IS UNKNOWN.
2019-04-17 04:46:41,788     root WARNING ERROR GETTING EITHER THE DOC TIMESTAMP OR SERVER TIME FROM COUCH.UG. CHECK COUCH.UG STATUS.
2019-04-17 04:46:41,918     root WARNING ERROR GETTING CURRENT COUCH.UG TIME.TIME IS UNKNOWN.
2019-04-17 04:46:41,919     root WARNING ERROR GETTING EITHER THE DOC TIMESTAMP OR SERVER TIME FROM COUCH.UG. CHECK COUCH.UG STATUS.
2019-04-17 04:46:42,075     root WARNING ERROR GETTING CURRENT COUCH.UG TIME.TIME IS UNKNOWN.
2019-04-17 04:46:42,076     root WARNING ERROR GETTING EITHER THE DOC TIMESTAMP OR SERVER TIME FROM COUCH.UG. CHECK COUCH.UG STATUS.
2019-04-17 04:46:42,240     root WARNING ERROR GETTING CURRENT COUCH.UG TIME.TIME IS UNKNOWN.
2019-04-17 04:46:42,241     root WARNING ERROR GETTING EITHER THE DOC TIMESTAMP OR SERVER TIME FROM COUCH.UG. CHECK COUCH.UG STATUS.
2019-04-17 04:46:42,399     root WARNING ERROR GETTING CURRENT COUCH.UG TIME.TIME IS UNKNOWN.
2019-04-17 04:46:42,417     root WARNING ERROR GETTING EITHER THE DOC TIMESTAMP OR SERVER TIME FROM COUCH.UG. CHECK COUCH.UG STATUS.
2019-04-17 04:46:42,581     root WARNING ERROR GETTING CURRENT COUCH.UG TIME.TIME IS UNKNOWN.
2019-04-17 04:46:42,582     root WARNING ERROR GETTING EITHER THE DOC TIMESTAMP OR SERVER TIME FROM COUCH.UG. CHECK COUCH.UG STATUS.
2019-04-17 04:46:42,731     root WARNING ERROR GETTING CURRENT COUCH.UG TIME.TIME IS UNKNOWN.
2019-04-17 04:46:42,732     root WARNING ERROR GETTING EITHER THE DOC TIMESTAMP OR SERVER TIME FROM COUCH.UG. CHECK COUCH.UG STATUS.
2019-04-17 04:46:42,885     root WARNING ERROR GETTING CURRENT COUCH.UG TIME.TIME IS UNKNOWN.
2019-04-17 04:46:42,886     root WARNING ERROR GETTING EITHER THE DOC TIMESTAMP OR SERVER TIME FROM COUCH.UG. CHECK COUCH.UG STATUS.
2019-04-17 04:46:43,011     root WARNING ERROR GETTING CURRENT COUCH.UG TIME.TIME IS UNKNOWN.
2019-04-17 04:46:43,012     root WARNING ERROR GETTING EITHER THE DOC TIMESTAMP OR SERVER TIME FROM COUCH.UG. CHECK COUCH.UG STATUS.
2019-04-17 04:46:43,109     root WARNING ERROR GETTING CURRENT COUCH.UG TIME.TIME IS UNKNOWN.
2019-04-17 04:46:43,120     root WARNING ERROR GETTING EITHER THE DOC TIMESTAMP OR SERVER TIME FROM COUCH.UG. CHECK COUCH.UG STATUS.
2019-04-17 04:46:43,258     root WARNING ERROR GETTING CURRENT COUCH.UG TIME.TIME IS UNKNOWN.
2019-04-17 04:46:43,259     root WARNING ERROR GETTING EITHER THE DOC TIMESTAMP OR SERVER TIME FROM COUCH.UG. CHECK COUCH.UG STATUS.
2019-04-17 04:46:43,412     root WARNING ERROR GETTING CURRENT COUCH.UG TIME.TIME IS UNKNOWN.
2019-04-17 04:46:43,413     root WARNING ERROR GETTING EITHER THE DOC TIMESTAMP OR SERVER TIME FROM COUCH.UG. CHECK COUCH.UG STATUS.
2019-04-17 04:46:43,572     root WARNING ERROR GETTING CURRENT COUCH.UG TIME.TIME IS UNKNOWN.
2019-04-17 04:46:43,573     root WARNING ERROR GETTING EITHER THE DOC TIMESTAMP OR SERVER TIME FROM COUCH.UG. CHECK COUCH.UG STATUS.
2019-04-17 04:46:43,724     root WARNING ERROR GETTING CURRENT COUCH.UG TIME.TIME IS UNKNOWN.
2019-04-17 04:46:43,725     root WARNING ERROR GETTING EITHER THE DOC TIMESTAMP OR SERVER TIME FROM COUCH.UG. CHECK COUCH.UG STATUS.
2019-04-17 04:46:43,878     root WARNING ERROR GETTING CURRENT COUCH.UG TIME.TIME IS UNKNOWN.
2019-04-17 04:46:43,900     root WARNING ERROR GETTING EITHER THE DOC TIMESTAMP OR SERVER TIME FROM COUCH.UG. CHECK COUCH.UG STATUS.
2019-04-17 04:46:44,022     root WARNING ERROR GETTING CURRENT COUCH.UG TIME.TIME IS UNKNOWN.
2019-04-17 04:46:44,030     root WARNING ERROR GETTING EITHER THE DOC TIMESTAMP OR SERVER TIME FROM COUCH.UG. CHECK COUCH.UG STATUS.
2019-04-17 04:46:44,031 __main__  INFO IOS 1has an uknown
2019-04-17 04:46:44,033 __main__  INFO timestamp.  Printing out stuff.
2019-04-17 04:46:44,034 __main__  INFO Doc_ages of IOS1: unknown
2019-04-17 04:46:44,036 __main__  INFO Doc_ages_last of IOS1: unknown
2019-04-17 04:46:44,044 __main__  INFO IOS 2has an uknown
2019-04-17 04:46:44,046 __main__  INFO timestamp.  Printing out stuff.
2019-04-17 04:46:44,048 __main__  INFO Doc_ages of IOS2: unknown
2019-04-17 04:46:44,049 __main__  INFO Doc_ages_last of IOS2: unknown
2019-04-17 04:46:44,051 __main__  INFO IOS 3has an uknown
2019-04-17 04:46:44,054 __main__  INFO timestamp.  Printing out stuff.
2019-04-17 04:46:44,055 __main__  INFO Doc_ages of IOS3: unknown
2019-04-17 04:46:44,060 __main__  INFO Doc_ages_last of IOS3: unknown
2019-04-17 04:46:44,066 __main__  INFO IOS 4has an uknown
2019-04-17 04:46:44,067 __main__  INFO timestamp.  Printing out stuff.
2019-04-17 04:46:44,069 __main__  INFO Doc_ages of IOS4: unknown
2019-04-17 04:46:44,074 __main__  INFO Doc_ages_last of IOS4: unknown
2019-04-17 04:46:49,138     root WARNING ERROR GETTING CURRENT COUCH.UG TIME.TIME IS UNKNOWN.
2019-04-17 04:46:49,139     root WARNING ERROR GETTING EITHER THE DOC TIMESTAMP OR SERVER TIME FROM COUCH.UG. CHECK COUCH.UG STATUS.
2019-04-17 04:46:49,204     root WARNING ERROR GETTING CURRENT COUCH.UG TIME.TIME IS UNKNOWN.
2019-04-17 04:46:49,206     root WARNING ERROR GETTING EITHER THE DOC TIMESTAMP OR SERVER TIME FROM COUCH.UG. CHECK COUCH.UG STATUS.
2019-04-17 04:46:49,338     root WARNING ERROR GETTING CURRENT COUCH.UG TIME.TIME IS UNKNOWN.
2019-04-17 04:46:49,339     root WARNING ERROR GETTING EITHER THE DOC TIMESTAMP OR SERVER TIME FROM COUCH.UG. CHECK COUCH.UG STATUS.
2019-04-17 04:46:49,447     root WARNING ERROR GETTING CURRENT COUCH.UG TIME.TIME IS UNKNOWN.
2019-04-17 04:46:49,448     root WARNING ERROR GETTING EITHER THE DOC TIMESTAMP OR SERVER TIME FROM COUCH.UG. CHECK COUCH.UG STATUS.
2019-04-17 04:46:49,561     root WARNING ERROR GETTING CURRENT COUCH.UG TIME.TIME IS UNKNOWN.
2019-04-17 04:46:49,562     root WARNING ERROR GETTING EITHER THE DOC TIMESTAMP OR SERVER TIME FROM COUCH.UG. CHECK COUCH.UG STATUS.
2019-04-17 04:46:49,663     root WARNING ERROR GETTING CURRENT COUCH.UG TIME.TIME IS UNKNOWN.
2019-04-17 04:46:49,664     root WARNING ERROR GETTING EITHER THE DOC TIMESTAMP OR SERVER TIME FROM COUCH.UG. CHECK COUCH.UG STATUS.
2019-04-17 04:46:49,742     root WARNING ERROR GETTING CURRENT COUCH.UG TIME.TIME IS UNKNOWN.
2019-04-17 04:46:49,743     root WARNING ERROR GETTING EITHER THE DOC TIMESTAMP OR SERVER TIME FROM COUCH.UG. CHECK COUCH.UG STATUS.
2019-04-17 04:46:49,808     root WARNING ERROR GETTING CURRENT COUCH.UG TIME.TIME IS UNKNOWN.
2019-04-17 04:46:49,810     root WARNING ERROR GETTING EITHER THE DOC TIMESTAMP OR SERVER TIME FROM COUCH.UG. CHECK COUCH.UG STATUS.
2019-04-17 04:46:49,871     root WARNING ERROR GETTING CURRENT COUCH.UG TIME.TIME IS UNKNOWN.
2019-04-17 04:46:49,872     root WARNING ERROR GETTING EITHER THE DOC TIMESTAMP OR SERVER TIME FROM COUCH.UG. CHECK COUCH.UG STATUS.
2019-04-17 04:46:49,934     root WARNING ERROR GETTING CURRENT COUCH.UG TIME.TIME IS UNKNOWN.
2019-04-17 04:46:49,935     root WARNING ERROR GETTING EITHER THE DOC TIMESTAMP OR SERVER TIME FROM COUCH.UG. CHECK COUCH.UG STATUS.
2019-04-17 04:46:50,053     root WARNING ERROR GETTING CURRENT COUCH.UG TIME.TIME IS UNKNOWN.
2019-04-17 04:46:50,054     root WARNING ERROR GETTING EITHER THE DOC TIMESTAMP OR SERVER TIME FROM COUCH.UG. CHECK COUCH.UG STATUS.
2019-04-17 04:46:50,172     root WARNING ERROR GETTING CURRENT COUCH.UG TIME.TIME IS UNKNOWN.
2019-04-17 04:46:50,174     root WARNING ERROR GETTING EITHER THE DOC TIMESTAMP OR SERVER TIME FROM COUCH.UG. CHECK COUCH.UG STATUS.
2019-04-17 04:46:50,175 __main__  INFO IOS 1has an uknown
2019-04-17 04:46:50,176 __main__  INFO timestamp.  Printing out stuff.
2019-04-17 04:46:50,178 __main__  INFO Doc_ages of IOS1: unknown
2019-04-17 04:46:50,180 __main__  INFO Doc_ages_last of IOS1: unknown
2019-04-17 04:46:50,186 __main__  INFO IOS 2has an uknown
2019-04-17 04:46:50,188 __main__  INFO timestamp.  Printing out stuff.
2019-04-17 04:46:50,189 __main__  INFO Doc_ages of IOS2: unknown
2019-04-17 04:46:50,200 __main__  INFO Doc_ages_last of IOS2: unknown
2019-04-17 04:46:50,202 __main__  INFO IOS 3has an uknown
2019-04-17 04:46:50,203 __main__  INFO timestamp.  Printing out stuff.
2019-04-17 04:46:50,205 __main__  INFO Doc_ages of IOS3: unknown
2019-04-17 04:46:50,206 __main__  INFO Doc_ages_last of IOS3: unknown
2019-04-17 04:46:50,208 __main__  INFO IOS 4has an uknown
2019-04-17 04:46:50,220 __main__  INFO timestamp.  Printing out stuff.
2019-04-17 04:46:50,222 __main__  INFO Doc_ages of IOS4: unknown
2019-04-17 04:46:50,223 __main__  INFO Doc_ages_last of IOS4: unknown
2019-04-17 04:49:26,623 __main__  INFO TS_CHECK STARTED AGAIN
2019-04-17 04:49:26,626 lib.couchutils  INFO CouchDBConn: Got server instance successfully.
2019-04-17 04:49:27,229     root WARNING ERROR GETTING CURRENT COUCH.UG TIME.TIME IS UNKNOWN.
2019-04-17 04:49:27,230     root WARNING ERROR GETTING EITHER THE DOC TIMESTAMP OR SERVER TIME FROM COUCH.UG. CHECK COUCH.UG STATUS.
2019-04-17 04:49:27,379     root WARNING ERROR GETTING CURRENT COUCH.UG TIME.TIME IS UNKNOWN.
2019-04-17 04:49:27,380     root WARNING ERROR GETTING EITHER THE DOC TIMESTAMP OR SERVER TIME FROM COUCH.UG. CHECK COUCH.UG STATUS.
2019-04-17 04:49:27,499     root WARNING ERROR GETTING CURRENT COUCH.UG TIME.TIME IS UNKNOWN.
2019-04-17 04:49:27,510     root WARNING ERROR GETTING EITHER THE DOC TIMESTAMP OR SERVER TIME FROM COUCH.UG. CHECK COUCH.UG STATUS.
2019-04-17 04:49:27,644     root WARNING ERROR GETTING CURRENT COUCH.UG TIME.TIME IS UNKNOWN.
2019-04-17 04:49:27,645     root WARNING ERROR GETTING EITHER THE DOC TIMESTAMP OR SERVER TIME FROM COUCH.UG. CHECK COUCH.UG STATUS.
2019-04-17 04:49:27,811     root WARNING ERROR GETTING CURRENT COUCH.UG TIME.TIME IS UNKNOWN.
2019-04-17 04:49:27,812     root WARNING ERROR GETTING EITHER THE DOC TIMESTAMP OR SERVER TIME FROM COUCH.UG. CHECK COUCH.UG STATUS.
2019-04-17 04:49:27,922     root WARNING ERROR GETTING CURRENT COUCH.UG TIME.TIME IS UNKNOWN.
2019-04-17 04:49:27,923     root WARNING ERROR GETTING EITHER THE DOC TIMESTAMP OR SERVER TIME FROM COUCH.UG. CHECK COUCH.UG STATUS.
2019-04-17 04:49:28,001     root WARNING ERROR GETTING CURRENT COUCH.UG TIME.TIME IS UNKNOWN.
2019-04-17 04:49:28,002     root WARNING ERROR GETTING EITHER THE DOC TIMESTAMP OR SERVER TIME FROM COUCH.UG. CHECK COUCH.UG STATUS.
2019-04-17 04:49:28,065     root WARNING ERROR GETTING CURRENT COUCH.UG TIME.TIME IS UNKNOWN.
2019-04-17 04:49:28,067     root WARNING ERROR GETTING EITHER THE DOC TIMESTAMP OR SERVER TIME FROM COUCH.UG. CHECK COUCH.UG STATUS.
2019-04-17 04:49:28,133     root WARNING ERROR GETTING CURRENT COUCH.UG TIME.TIME IS UNKNOWN.
2019-04-17 04:49:28,134     root WARNING ERROR GETTING EITHER THE DOC TIMESTAMP OR SERVER TIME FROM COUCH.UG. CHECK COUCH.UG STATUS.
2019-04-17 04:49:28,192     root WARNING ERROR GETTING CURRENT COUCH.UG TIME.TIME IS UNKNOWN.
2019-04-17 04:49:28,193     root WARNING ERROR GETTING EITHER THE DOC TIMESTAMP OR SERVER TIME FROM COUCH.UG. CHECK COUCH.UG STATUS.
2019-04-17 04:49:28,261     root WARNING ERROR GETTING CURRENT COUCH.UG TIME.TIME IS UNKNOWN.
2019-04-17 04:49:28,262     root WARNING ERROR GETTING EITHER THE DOC TIMESTAMP OR SERVER TIME FROM COUCH.UG. CHECK COUCH.UG STATUS.
2019-04-17 04:49:28,324     root WARNING ERROR GETTING CURRENT COUCH.UG TIME.TIME IS UNKNOWN.
2019-04-17 04:49:28,325     root WARNING ERROR GETTING EITHER THE DOC TIMESTAMP OR SERVER TIME FROM COUCH.UG. CHECK COUCH.UG STATUS.
2019-04-17 04:49:28,384     root WARNING ERROR GETTING CURRENT COUCH.UG TIME.TIME IS UNKNOWN.
2019-04-17 04:49:28,385     root WARNING ERROR GETTING EITHER THE DOC TIMESTAMP OR SERVER TIME FROM COUCH.UG. CHECK COUCH.UG STATUS.
2019-04-17 04:49:28,489     root WARNING ERROR GETTING CURRENT COUCH.UG TIME.TIME IS UNKNOWN.
2019-04-17 04:49:28,500     root WARNING ERROR GETTING EITHER THE DOC TIMESTAMP OR SERVER TIME FROM COUCH.UG. CHECK COUCH.UG STATUS.
2019-04-17 04:49:28,611     root WARNING ERROR GETTING CURRENT COUCH.UG TIME.TIME IS UNKNOWN.
2019-04-17 04:49:28,612     root WARNING ERROR GETTING EITHER THE DOC TIMESTAMP OR SERVER TIME FROM COUCH.UG. CHECK COUCH.UG STATUS.
2019-04-17 04:49:28,739     root WARNING ERROR GETTING CURRENT COUCH.UG TIME.TIME IS UNKNOWN.
2019-04-17 04:49:28,750     root WARNING ERROR GETTING EITHER THE DOC TIMESTAMP OR SERVER TIME FROM COUCH.UG. CHECK COUCH.UG STATUS.
2019-04-17 04:49:28,842     root WARNING ERROR GETTING CURRENT COUCH.UG TIME.TIME IS UNKNOWN.
2019-04-17 04:49:28,843     root WARNING ERROR GETTING EITHER THE DOC TIMESTAMP OR SERVER TIME FROM COUCH.UG. CHECK COUCH.UG STATUS.
2019-04-17 04:49:28,911     root WARNING ERROR GETTING CURRENT COUCH.UG TIME.TIME IS UNKNOWN.
2019-04-17 04:49:28,912     root WARNING ERROR GETTING EITHER THE DOC TIMESTAMP OR SERVER TIME FROM COUCH.UG. CHECK COUCH.UG STATUS.
2019-04-17 04:49:28,913 __main__  INFO IOS 1has an uknown
2019-04-17 04:49:28,915 __main__  INFO timestamp.  Printing out stuff.
2019-04-17 04:49:28,917 __main__  INFO Doc_ages of IOS1: unknown
2019-04-17 04:49:28,918 __main__  INFO Doc_ages_last of IOS1: unknown
2019-04-17 04:49:28,920 __main__  INFO IOS 2has an uknown
2019-04-17 04:49:28,922 __main__  INFO timestamp.  Printing out stuff.
2019-04-17 04:49:28,923 __main__  INFO Doc_ages of IOS2: unknown
2019-04-17 04:49:28,925 __main__  INFO Doc_ages_last of IOS2: unknown
2019-04-17 04:49:28,927 __main__  INFO IOS 3has an uknown
2019-04-17 04:49:28,928 __main__  INFO timestamp.  Printing out stuff.
2019-04-17 04:49:28,930 __main__  INFO Doc_ages of IOS3: unknown
2019-04-17 04:49:28,931 __main__  INFO Doc_ages_last of IOS3: unknown
2019-04-17 04:49:28,933 __main__  INFO IOS 4has an uknown
2019-04-17 04:49:28,934 __main__  INFO timestamp.  Printing out stuff.
2019-04-17 04:49:28,935 __main__  INFO Doc_ages of IOS4: unknown
2019-04-17 04:49:28,937 __main__  INFO Doc_ages_last of IOS4: unknown
2019-04-17 05:23:27,867 __main__  INFO TS_CHECK STARTED AGAIN
2019-04-17 05:23:27,871 lib.couchutils  INFO CouchDBConn: Got server instance successfully.
2019-04-17 05:23:28,206     root WARNING ERROR GETTING CURRENT COUCH.UG TIME.TIME IS UNKNOWN.
2019-04-17 05:23:28,220     root WARNING ERROR GETTING EITHER THE DOC TIMESTAMP OR SERVER TIME FROM COUCH.UG. CHECK COUCH.UG STATUS.
2019-04-17 05:23:28,352     root WARNING ERROR GETTING CURRENT COUCH.UG TIME.TIME IS UNKNOWN.
2019-04-17 05:23:28,360     root WARNING ERROR GETTING EITHER THE DOC TIMESTAMP OR SERVER TIME FROM COUCH.UG. CHECK COUCH.UG STATUS.
2019-04-17 05:23:28,521     root WARNING ERROR GETTING CURRENT COUCH.UG TIME.TIME IS UNKNOWN.
2019-04-17 05:23:28,522     root WARNING ERROR GETTING EITHER THE DOC TIMESTAMP OR SERVER TIME FROM COUCH.UG. CHECK COUCH.UG STATUS.
2019-04-17 05:23:28,598     root WARNING ERROR GETTING CURRENT COUCH.UG TIME.TIME IS UNKNOWN.
2019-04-17 05:23:28,599     root WARNING ERROR GETTING EITHER THE DOC TIMESTAMP OR SERVER TIME FROM COUCH.UG. CHECK COUCH.UG STATUS.
2019-04-17 05:23:28,743     root WARNING ERROR GETTING CURRENT COUCH.UG TIME.TIME IS UNKNOWN.
2019-04-17 05:23:28,744     root WARNING ERROR GETTING EITHER THE DOC TIMESTAMP OR SERVER TIME FROM COUCH.UG. CHECK COUCH.UG STATUS.
2019-04-17 05:23:28,931     root WARNING ERROR GETTING CURRENT COUCH.UG TIME.TIME IS UNKNOWN.
2019-04-17 05:23:28,932     root WARNING ERROR GETTING EITHER THE DOC TIMESTAMP OR SERVER TIME FROM COUCH.UG. CHECK COUCH.UG STATUS.
2019-04-17 05:23:29,147     root WARNING ERROR GETTING CURRENT COUCH.UG TIME.TIME IS UNKNOWN.
2019-04-17 05:23:29,171     root WARNING ERROR GETTING EITHER THE DOC TIMESTAMP OR SERVER TIME FROM COUCH.UG. CHECK COUCH.UG STATUS.
2019-04-17 05:23:29,358     root WARNING ERROR GETTING CURRENT COUCH.UG TIME.TIME IS UNKNOWN.
2019-04-17 05:23:29,359     root WARNING ERROR GETTING EITHER THE DOC TIMESTAMP OR SERVER TIME FROM COUCH.UG. CHECK COUCH.UG STATUS.
2019-04-17 05:23:29,580     root WARNING ERROR GETTING CURRENT COUCH.UG TIME.TIME IS UNKNOWN.
2019-04-17 05:23:29,582     root WARNING ERROR GETTING EITHER THE DOC TIMESTAMP OR SERVER TIME FROM COUCH.UG. CHECK COUCH.UG STATUS.
2019-04-17 05:23:29,771     root WARNING ERROR GETTING CURRENT COUCH.UG TIME.TIME IS UNKNOWN.
2019-04-17 05:23:29,777     root WARNING ERROR GETTING EITHER THE DOC TIMESTAMP OR SERVER TIME FROM COUCH.UG. CHECK COUCH.UG STATUS.
2019-04-17 05:23:29,933     root WARNING ERROR GETTING CURRENT COUCH.UG TIME.TIME IS UNKNOWN.
2019-04-17 05:23:29,934     root WARNING ERROR GETTING EITHER THE DOC TIMESTAMP OR SERVER TIME FROM COUCH.UG. CHECK COUCH.UG STATUS.
2019-04-17 05:23:30,049     root WARNING ERROR GETTING CURRENT COUCH.UG TIME.TIME IS UNKNOWN.
2019-04-17 05:23:30,050     root WARNING ERROR GETTING EITHER THE DOC TIMESTAMP OR SERVER TIME FROM COUCH.UG. CHECK COUCH.UG STATUS.
2019-04-17 05:23:30,175     root WARNING ERROR GETTING CURRENT COUCH.UG TIME.TIME IS UNKNOWN.
2019-04-17 05:23:30,200     root WARNING ERROR GETTING EITHER THE DOC TIMESTAMP OR SERVER TIME FROM COUCH.UG. CHECK COUCH.UG STATUS.
2019-04-17 05:23:30,345     root WARNING ERROR GETTING CURRENT COUCH.UG TIME.TIME IS UNKNOWN.
2019-04-17 05:23:30,346     root WARNING ERROR GETTING EITHER THE DOC TIMESTAMP OR SERVER TIME FROM COUCH.UG. CHECK COUCH.UG STATUS.
2019-04-17 05:23:30,503     root WARNING ERROR GETTING CURRENT COUCH.UG TIME.TIME IS UNKNOWN.
2019-04-17 05:23:30,504     root WARNING ERROR GETTING EITHER THE DOC TIMESTAMP OR SERVER TIME FROM COUCH.UG. CHECK COUCH.UG STATUS.
2019-04-17 05:23:30,644     root WARNING ERROR GETTING CURRENT COUCH.UG TIME.TIME IS UNKNOWN.
2019-04-17 05:23:30,660     root WARNING ERROR GETTING EITHER THE DOC TIMESTAMP OR SERVER TIME FROM COUCH.UG. CHECK COUCH.UG STATUS.
2019-04-17 05:23:30,807     root WARNING ERROR GETTING CURRENT COUCH.UG TIME.TIME IS UNKNOWN.
2019-04-17 05:23:30,808     root WARNING ERROR GETTING EITHER THE DOC TIMESTAMP OR SERVER TIME FROM COUCH.UG. CHECK COUCH.UG STATUS.
2019-04-17 05:23:30,927     root WARNING ERROR GETTING CURRENT COUCH.UG TIME.TIME IS UNKNOWN.
2019-04-17 05:23:30,928     root WARNING ERROR GETTING EITHER THE DOC TIMESTAMP OR SERVER TIME FROM COUCH.UG. CHECK COUCH.UG STATUS.
2019-04-17 05:23:30,929 __main__  INFO IOS 1has an uknown
2019-04-17 05:23:30,940 __main__  INFO timestamp.  Printing out stuff.
2019-04-17 05:23:30,942 __main__  INFO Doc_ages of IOS1: unknown
2019-04-17 05:23:30,943 __main__  INFO Doc_ages_last of IOS1: unknown
2019-04-17 05:23:30,945 __main__  INFO IOS 2has an uknown
2019-04-17 05:23:30,946 __main__  INFO timestamp.  Printing out stuff.
2019-04-17 05:23:30,960 __main__  INFO Doc_ages of IOS2: unknown
2019-04-17 05:23:30,962 __main__  INFO Doc_ages_last of IOS2: unknown
2019-04-17 05:23:30,963 __main__  INFO IOS 3has an uknown
2019-04-17 05:23:30,965 __main__  INFO timestamp.  Printing out stuff.
2019-04-17 05:23:30,966 __main__  INFO Doc_ages of IOS3: unknown
2019-04-17 05:23:30,968 __main__  INFO Doc_ages_last of IOS3: unknown
2019-04-17 05:23:30,969 __main__  INFO IOS 4has an uknown
2019-04-17 05:23:30,971 __main__  INFO timestamp.  Printing out stuff.
2019-04-17 05:23:30,972 __main__  INFO Doc_ages of IOS4: unknown
2019-04-17 05:23:30,974 __main__  INFO Doc_ages_last of IOS4: unknown
2019-04-17 05:31:24,702 __main__  INFO TS_CHECK STARTED AGAIN
2019-04-17 05:31:24,708 lib.couchutils  INFO CouchDBConn: Got server instance successfully.
2019-04-17 05:31:25,729     root WARNING ERROR GETTING CURRENT COUCH.UG TIME.TIME IS UNKNOWN.
2019-04-17 05:31:25,750 __main__ ERROR Uncaught exception: global name 'snopluscouchuser' is not defined
Traceback (most recent call last):
  File "check_times.py", line 61, in <module>
    Doc_ages["IOS " + str(IOSnum)] = f.getIOSDocAge(IOSnum,IOSLatestEntry)
  File "/home/slowcontroller/tester/SNOPlusSlowControl/SNOPlusSlowControl/util/ts_check/lib/functions.py", line 18, in getIOSDocAge
    comparer = ts.TimestampComparer(LatestEntry)
  File "/home/slowcontroller/tester/SNOPlusSlowControl/SNOPlusSlowControl/util/ts_check/lib/TimestampComparer.py", line 23, in __init__
    self.getcouchUGTime()
  File "/home/slowcontroller/tester/SNOPlusSlowControl/SNOPlusSlowControl/util/ts_check/lib/TimestampComparer.py", line 45, in getcouchUGTime
    (snopluscouchuser, snopluscouchpw)).replace('\n', '')
NameError: global name 'snopluscouchuser' is not defined
2019-04-17 05:56:09,041 __main__  INFO TS_CHECK STARTED AGAIN
2019-04-17 05:56:09,045 lib.couchutils  INFO CouchDBConn: Got server instance successfully.
2019-04-17 06:51:28,967 __main__  INFO TS_CHECK STARTED AGAIN
2019-04-17 06:55:55,097 __main__  INFO TS_CHECK STARTED AGAIN
2019-04-17 06:57:43,131 __main__  INFO TS_CHECK STARTED AGAIN
2019-04-17 06:57:43,134 lib.couchutils  INFO CouchDBConn: Got server instance successfully.
2019-04-17 06:57:51,978     root WARNING ERROR GETTING CURRENT COUCH.UG TIME.TIME IS UNKNOWN.
2019-04-17 07:00:12,686 __main__  INFO TS_CHECK STARTED AGAIN
2019-04-17 07:00:12,702 lib.couchutils  INFO CouchDBConn: Got server instance successfully.
2019-04-17 07:03:40,126 __main__  INFO TS_CHECK STARTED AGAIN
2019-04-17 07:03:40,142 lib.couchutils  INFO CouchDBConn: Got server instance successfully.
